<?xml version="1.0" encoding="UTF-8"?>
<!-- Generated by org.testng.reporters.JUnitReportReporter -->
<testsuite hostname="DESKTOP-P8HG88I" name="com.testcases.PostTestcases" tests="3" failures="0" timestamp="19 Dec 2018 07:19:50 GMT" time="2.834" errors="0">
  <testcase name="usersrequest" time="0.657" classname="com.testcases.PostTestcases"/>
  <testcase name="commentsrequest" time="0.690" classname="com.testcases.PostTestcases"/>
  <testcase name="postrequest" time="1.487" classname="com.testcases.PostTestcases"/>
</testsuite> <!-- com.testcases.PostTestcases -->
