<?xml version="1.0" encoding="UTF-8"?>
<!-- Generated by org.testng.reporters.JUnitReportReporter -->
<testsuite hostname="DESKTOP-P8HG88I" name="com.testcases.GetTestcases" tests="3" failures="0" timestamp="19 Dec 2018 07:08:28 GMT" time="3.698" errors="0">
  <testcase name="getusersdata" time="0.945" classname="com.testcases.GetTestcases"/>
  <testcase name="getpostdata" time="1.599" classname="com.testcases.GetTestcases"/>
  <testcase name="getcommentsdata" time="1.154" classname="com.testcases.GetTestcases"/>
</testsuite> <!-- com.testcases.GetTestcases -->
