<?xml version="1.0" encoding="UTF-8"?>
<!-- Generated by org.testng.reporters.JUnitReportReporter -->
<testsuite hostname="DESKTOP-P8HG88I" name="com.testcases.PutTestcases" tests="3" failures="0" timestamp="19 Dec 2018 07:18:19 GMT" time="2.588" errors="0">
  <testcase name="updatecomment" time="0.619" classname="com.testcases.PutTestcases"/>
  <testcase name="updateusers" time="0.642" classname="com.testcases.PutTestcases"/>
  <testcase name="updateposts" time="1.327" classname="com.testcases.PutTestcases"/>
</testsuite> <!-- com.testcases.PutTestcases -->
